Flow report for fsoc_lab
Thu Dec 08 18:32:06 2022
Quartus Prime Version 18.1.0 Build 625 09/12/2018 SJ Lite Edition


---------------------
; Table of Contents ;
---------------------
  1. Legal Notice
  2. Flow Summary
  3. Flow Settings
  4. Flow Non-Default Global Settings
  5. Flow Elapsed Time
  6. Flow OS Summary
  7. Flow Log
  8. Flow Messages
  9. Flow Suppressed Messages



----------------
; Legal Notice ;
----------------
Copyright (C) 2018  Intel Corporation. All rights reserved.
Your use of Intel Corporation's design tools, logic functions 
and other software and tools, and its AMPP partner logic 
functions, and any output files from any of the foregoing 
(including device programming or simulation files), and any 
associated documentation or information are expressly subject 
to the terms and conditions of the Intel Program License 
Subscription Agreement, the Intel Quartus Prime License Agreement,
the Intel FPGA IP License Agreement, or other applicable license
agreement, including, without limitation, that your use is for
the sole purpose of programming logic devices manufactured by
Intel and sold by Intel or its authorized distributors.  Please
refer to the applicable agreement for further details.



+----------------------------------------------------------------------------------+
; Flow Summary                                                                     ;
+------------------------------------+---------------------------------------------+
; Flow Status                        ; Successful - Thu Dec 08 18:31:51 2022       ;
; Quartus Prime Version              ; 18.1.0 Build 625 09/12/2018 SJ Lite Edition ;
; Revision Name                      ; fsoc_lab                                    ;
; Top-level Entity Name              ; top_level_sys                               ;
; Family                             ; MAX 10                                      ;
; Device                             ; 10M50DAF484C6GES                            ;
; Timing Models                      ; Preliminary                                 ;
; Total logic elements               ; 3,485 / 49,760 ( 7 % )                      ;
;     Total combinational functions  ; 3,070 / 49,760 ( 6 % )                      ;
;     Dedicated logic registers      ; 2,072 / 49,760 ( 4 % )                      ;
; Total registers                    ; 2072                                        ;
; Total pins                         ; 12 / 360 ( 3 % )                            ;
; Total virtual pins                 ; 0                                           ;
; Total memory bits                  ; 383,360 / 1,677,312 ( 23 % )                ;
; Embedded Multiplier 9-bit elements ; 6 / 288 ( 2 % )                             ;
; Total PLLs                         ; 0 / 4 ( 0 % )                               ;
; UFM blocks                         ; 0 / 1 ( 0 % )                               ;
; ADC blocks                         ; 0 / 2 ( 0 % )                               ;
+------------------------------------+---------------------------------------------+


+-----------------------------------------+
; Flow Settings                           ;
+-------------------+---------------------+
; Option            ; Setting             ;
+-------------------+---------------------+
; Start date & time ; 12/08/2022 18:29:11 ;
; Main task         ; Compilation         ;
; Revision Name     ; fsoc_lab            ;
+-------------------+---------------------+


+---------------------------------------------------------------------------------------------------------------------------------------------------+
; Flow Non-Default Global Settings                                                                                                                  ;
+-------------------------------------+------------------------------------------------------------+---------------+---------------+----------------+
; Assignment Name                     ; Value                                                      ; Default Value ; Entity Name   ; Section Id     ;
+-------------------------------------+------------------------------------------------------------+---------------+---------------+----------------+
; COMPILER_SIGNATURE_ID               ; 193904265244708.167052055016732                            ; --            ; --            ; --             ;
; EDA_OUTPUT_DATA_FORMAT              ; None                                                       ; --            ; --            ; eda_simulation ;
; EDA_TIME_SCALE                      ; 1 ps                                                       ; --            ; --            ; eda_simulation ;
; MAX_CORE_JUNCTION_TEMP              ; 85                                                         ; --            ; --            ; --             ;
; MIN_CORE_JUNCTION_TEMP              ; 0                                                          ; --            ; --            ; --             ;
; MISC_FILE                           ; base_sys/synthesis/../base_sys.cmp                         ; --            ; --            ; --             ;
; MISC_FILE                           ; base_sys/synthesis/../../base_sys.qsys                     ; --            ; --            ; --             ;
; PARTITION_COLOR                     ; -- (Not supported for targeted family)                     ; --            ; top_level_sys ; Top            ;
; PARTITION_FITTER_PRESERVATION_LEVEL ; -- (Not supported for targeted family)                     ; --            ; top_level_sys ; Top            ;
; PARTITION_NETLIST_TYPE              ; -- (Not supported for targeted family)                     ; --            ; top_level_sys ; Top            ;
; POWER_BOARD_THERMAL_MODEL           ; None (CONSERVATIVE)                                        ; --            ; --            ; --             ;
; POWER_PRESET_COOLING_SOLUTION       ; 23 MM HEAT SINK WITH 200 LFPM AIRFLOW                      ; --            ; --            ; --             ;
; PROJECT_OUTPUT_DIRECTORY            ; output_files                                               ; --            ; --            ; --             ;
; SLD_FILE                            ; base_sys/synthesis/base_sys.regmap                         ; --            ; --            ; --             ;
; SLD_FILE                            ; base_sys/synthesis/base_sys.debuginfo                      ; --            ; --            ; --             ;
; SLD_INFO                            ; QSYS_NAME base_sys HAS_SOPCINFO 1 GENERATION_ID 1670257740 ; --            ; base_sys      ; --             ;
; SOPCINFO_FILE                       ; base_sys/synthesis/../../base_sys.sopcinfo                 ; --            ; --            ; --             ;
; SYNTHESIS_ONLY_QIP                  ; On                                                         ; --            ; --            ; --             ;
; TOP_LEVEL_ENTITY                    ; top_level_sys                                              ; fsoc_lab      ; --            ; --             ;
+-------------------------------------+------------------------------------------------------------+---------------+---------------+----------------+


+--------------------------------------------------------------------------------------------------------------------------+
; Flow Elapsed Time                                                                                                        ;
+----------------------+--------------+-------------------------+---------------------+------------------------------------+
; Module Name          ; Elapsed Time ; Average Processors Used ; Peak Virtual Memory ; Total CPU Time (on all processors) ;
+----------------------+--------------+-------------------------+---------------------+------------------------------------+
; Analysis & Synthesis ; 00:01:36     ; 1.0                     ; 4951 MB             ; 00:02:19                           ;
; Fitter               ; 00:00:46     ; 1.2                     ; 5438 MB             ; 00:01:00                           ;
; Assembler            ; 00:00:06     ; 1.0                     ; 4700 MB             ; 00:00:06                           ;
; Timing Analyzer      ; 00:00:13     ; 1.6                     ; 4833 MB             ; 00:00:17                           ;
; Total                ; 00:02:41     ; --                      ; --                  ; 00:03:42                           ;
+----------------------+--------------+-------------------------+---------------------+------------------------------------+


+------------------------------------------------------------------------------------+
; Flow OS Summary                                                                    ;
+----------------------+------------------+------------+------------+----------------+
; Module Name          ; Machine Hostname ; OS Name    ; OS Version ; Processor type ;
+----------------------+------------------+------------+------------+----------------+
; Analysis & Synthesis ; HP-AB522TX       ; Windows 10 ; 10.0       ; x86_64         ;
; Fitter               ; HP-AB522TX       ; Windows 10 ; 10.0       ; x86_64         ;
; Assembler            ; HP-AB522TX       ; Windows 10 ; 10.0       ; x86_64         ;
; Timing Analyzer      ; HP-AB522TX       ; Windows 10 ; 10.0       ; x86_64         ;
+----------------------+------------------+------------+------------+----------------+


------------
; Flow Log ;
------------
quartus_map --read_settings_files=on --write_settings_files=off fsoc_lab -c fsoc_lab
quartus_fit --read_settings_files=off --write_settings_files=off fsoc_lab -c fsoc_lab
quartus_asm --read_settings_files=off --write_settings_files=off fsoc_lab -c fsoc_lab
quartus_sta fsoc_lab -c fsoc_lab



